<?xml version="1.0" encoding="UTF-8"?>
<!-- Generated by org.testng.reporters.JUnitXMLReporter -->
<testsuite ignored="0" hostname="LAPTOP-IV3BV7J3" failures="0" tests="3" name="Functional" time="125.135" errors="0" timestamp="2022-10-10T20:34:18 AWST">
  <testcase classname="planittesting.ValidateContactPageErrors" name="execution" time="94.434"/>
  <testcase classname="planittesting.ValidateSuccessfulContactPageSubmission" name="execution" time="17.289"/>
  <testcase classname="planittesting.VerifyCartItemPrice" name="execution" time="7.601"/>
</testsuite> <!-- Functional -->
