<?xml version="1.0" encoding="UTF-8"?>
<!-- Generated by org.testng.reporters.JUnitXMLReporter -->
<testsuite ignored="0" hostname="LAPTOP-IV3BV7J3" failures="0" tests="3" name="Functional" time="110.076" errors="0" timestamp="2022-10-10T22:56:52 AWST">
  <testcase classname="planittesting.ValidateContactPageErrors" name="execution" time="94.089"/>
  <testcase classname="planittesting.ValidateSuccessfulContactPageSubmission" name="execution" time="8.389"/>
  <testcase classname="planittesting.VerifyCartItemPrice" name="execution" time="4.415"/>
</testsuite> <!-- Functional -->
