<?xml version="1.0" encoding="UTF-8"?>
<!-- Generated by org.testng.reporters.JUnitXMLReporter -->
<testsuite ignored="0" hostname="LAPTOP-IV3BV7J3" failures="0" tests="3" name="Test" time="116.144" errors="0" timestamp="2022-10-12T11:05:08 AWST">
  <testcase classname="planittesting_testng_automation.TestMain" name="TestCase1" time="94.838"/>
  <testcase classname="planittesting_testng_automation.TestMain" name="TestCase2" time="8.619"/>
  <testcase classname="planittesting_testng_automation.TestMain" name="TestCase3" time="8.939"/>
</testsuite> <!-- Test -->
